<?xml version="1.0" encoding="UTF-8"?>
<!-- Generated by org.testng.reporters.JUnitXMLReporter -->
<testsuite hostname="DESKTOP-JI70QVB" ignored="0" name="Default test" tests="4" failures="0" timestamp="03 Jul 2021 18:14:18 GMT" time="203.857" errors="0">
  <testcase name="createNewContact" time="10.537" classname="com.FreeCRM.TestCases.ContactpageTest"/>
  <testcase name="createNewContact" time="6.145" classname="com.FreeCRM.TestCases.ContactpageTest"/>
  <testcase name="createNewContact" time="10.718" classname="com.FreeCRM.TestCases.ContactpageTest"/>
  <testcase name="createNewContact" time="6.949" classname="com.FreeCRM.TestCases.ContactpageTest"/>
</testsuite> <!-- Default test -->
