<?xml version="1.0" encoding="UTF-8"?>
<!-- Generated by org.testng.reporters.JUnitXMLReporter -->
<testsuite hostname="DESKTOP-JI70QVB" ignored="0" name="POMSeleniumTest" tests="5" failures="0" timestamp="03 Jul 2021 15:35:04 GMT" time="186.803" errors="0">
  <testcase name="loginTest" time="7.878" classname="com.FreeCRM.TestCases.LoginpageTestcases"/>
  <testcase name="validatetitle" time="2.534" classname="com.FreeCRM.TestCases.HomepageTest"/>
  <testcase name="contactpagelabel" time="0.476" classname="com.FreeCRM.TestCases.ContactpageTest"/>
  <testcase name="ClickonContacts" time="5.835" classname="com.FreeCRM.TestCases.HomepageTest"/>
  <testcase name="Selectacontact" time="3.763" classname="com.FreeCRM.TestCases.ContactpageTest"/>
</testsuite> <!-- POMSeleniumTest -->
